{"C:\\Users\\20100\\Desktop\\soft 2\\Backend\\middlewares\\auth.js": {"path":"C:\\Users\\20100\\Desktop\\soft 2\\Backend\\middlewares\\auth.js","statementMap":{"0":{"start":{"line":1,"column":12},"end":{"line":1,"column":35}},"1":{"start":{"line":3,"column":13},"end":{"line":15,"column":1}},"2":{"start":{"line":4,"column":2},"end":{"line":14,"column":3}},"3":{"start":{"line":5,"column":18},"end":{"line":5,"column":68}},"4":{"start":{"line":6,"column":20},"end":{"line":6,"column":61}},"5":{"start":{"line":9,"column":4},"end":{"line":9,"column":23}},"6":{"start":{"line":11,"column":4},"end":{"line":11,"column":11}},"7":{"start":{"line":13,"column":4},"end":{"line":13,"column":61}},"8":{"start":{"line":17,"column":0},"end":{"line":17,"column":22}}},"fnMap":{"0":{"name":"(anonymous_0)","decl":{"start":{"line":3,"column":13},"end":{"line":3,"column":14}},"loc":{"start":{"line":3,"column":39},"end":{"line":15,"column":1}},"line":3}},"branchMap":{},"s":{"0":2,"1":2,"2":11,"3":11,"4":8,"5":4,"6":4,"7":7,"8":2},"f":{"0":11},"b":{},"_coverageSchema":"1a1c01bbd47fc00a2c39e90264f33305004495a9","hash":"5f149331706a435b8568f1fb9e8ba0661ca7a251"}
,"C:\\Users\\20100\\Desktop\\soft 2\\Backend\\models\\Idea.js": {"path":"C:\\Users\\20100\\Desktop\\soft 2\\Backend\\models\\Idea.js","statementMap":{"0":{"start":{"line":1,"column":17},"end":{"line":1,"column":36}},"1":{"start":{"line":3,"column":19},"end":{"line":23,"column":2}},"2":{"start":{"line":26,"column":0},"end":{"line":26,"column":49}},"3":{"start":{"line":27,"column":0},"end":{"line":27,"column":46}},"4":{"start":{"line":28,"column":0},"end":{"line":28,"column":47}},"5":{"start":{"line":30,"column":0},"end":{"line":30,"column":52}}},"fnMap":{},"branchMap":{},"s":{"0":3,"1":3,"2":3,"3":3,"4":3,"5":3},"f":{},"b":{},"_coverageSchema":"1a1c01bbd47fc00a2c39e90264f33305004495a9","hash":"a8f9369155372bb5e2f526b70dd6e3f736cc8b4d"}
,"C:\\Users\\20100\\Desktop\\soft 2\\Backend\\models\\User.js": {"path":"C:\\Users\\20100\\Desktop\\soft 2\\Backend\\models\\User.js","statementMap":{"0":{"start":{"line":1,"column":17},"end":{"line":1,"column":36}},"1":{"start":{"line":2,"column":15},"end":{"line":2,"column":34}},"2":{"start":{"line":4,"column":19},"end":{"line":33,"column":2}},"3":{"start":{"line":36,"column":0},"end":{"line":43,"column":3}},"4":{"start":{"line":37,"column":2},"end":{"line":39,"column":3}},"5":{"start":{"line":38,"column":4},"end":{"line":38,"column":18}},"6":{"start":{"line":40,"column":15},"end":{"line":40,"column":39}},"7":{"start":{"line":41,"column":2},"end":{"line":41,"column":57}},"8":{"start":{"line":42,"column":2},"end":{"line":42,"column":9}},"9":{"start":{"line":46,"column":0},"end":{"line":48,"column":2}},"10":{"start":{"line":47,"column":2},"end":{"line":47,"column":64}},"11":{"start":{"line":50,"column":0},"end":{"line":50,"column":52}}},"fnMap":{"0":{"name":"(anonymous_0)","decl":{"start":{"line":36,"column":23},"end":{"line":36,"column":24}},"loc":{"start":{"line":36,"column":44},"end":{"line":43,"column":1}},"line":36},"1":{"name":"(anonymous_1)","decl":{"start":{"line":46,"column":37},"end":{"line":46,"column":38}},"loc":{"start":{"line":46,"column":71},"end":{"line":48,"column":1}},"line":46}},"branchMap":{"0":{"loc":{"start":{"line":37,"column":2},"end":{"line":39,"column":3}},"type":"if","locations":[{"start":{"line":37,"column":2},"end":{"line":39,"column":3}},{"start":{},"end":{}}],"line":37}},"s":{"0":4,"1":4,"2":4,"3":4,"4":12,"5":2,"6":10,"7":10,"8":10,"9":4,"10":2,"11":4},"f":{"0":12,"1":2},"b":{"0":[2,10]},"_coverageSchema":"1a1c01bbd47fc00a2c39e90264f33305004495a9","hash":"d9148e036a5ad3944e8850ea4b807bfd1dcf86c3"}
,"C:\\Users\\20100\\Desktop\\soft 2\\Backend\\routes\\adminRoutes.js": {"path":"C:\\Users\\20100\\Desktop\\soft 2\\Backend\\routes\\adminRoutes.js","statementMap":{"0":{"start":{"line":1,"column":16},"end":{"line":1,"column":34}},"1":{"start":{"line":2,"column":15},"end":{"line":2,"column":31}},"2":{"start":{"line":3,"column":13},"end":{"line":3,"column":38}},"3":{"start":{"line":4,"column":13},"end":{"line":4,"column":38}},"4":{"start":{"line":6,"column":22},"end":{"line":11,"column":1}},"5":{"start":{"line":7,"column":2},"end":{"line":9,"column":3}},"6":{"start":{"line":8,"column":4},"end":{"line":8,"column":46}},"7":{"start":{"line":10,"column":2},"end":{"line":10,"column":22}},"8":{"start":{"line":13,"column":16},"end":{"line":22,"column":1}},"9":{"start":{"line":14,"column":2},"end":{"line":21,"column":3}},"10":{"start":{"line":15,"column":4},"end":{"line":17,"column":5}},"11":{"start":{"line":16,"column":6},"end":{"line":16,"column":77}},"12":{"start":{"line":18,"column":4},"end":{"line":18,"column":11}},"13":{"start":{"line":20,"column":4},"end":{"line":20,"column":69}},"14":{"start":{"line":24,"column":35},"end":{"line":31,"column":1}},"15":{"start":{"line":25,"column":2},"end":{"line":25,"column":75}},"16":{"start":{"line":25,"column":33},"end":{"line":25,"column":75}},"17":{"start":{"line":26,"column":16},"end":{"line":26,"column":36}},"18":{"start":{"line":27,"column":2},"end":{"line":29,"column":3}},"19":{"start":{"line":28,"column":4},"end":{"line":28,"column":65}},"20":{"start":{"line":30,"column":2},"end":{"line":30,"column":15}},"21":{"start":{"line":33,"column":0},"end":{"line":42,"column":3}},"22":{"start":{"line":34,"column":2},"end":{"line":41,"column":3}},"23":{"start":{"line":35,"column":18},"end":{"line":35,"column":55}},"24":{"start":{"line":36,"column":18},"end":{"line":36,"column":38}},"25":{"start":{"line":37,"column":4},"end":{"line":37,"column":46}},"26":{"start":{"line":39,"column":4},"end":{"line":39,"column":54}},"27":{"start":{"line":40,"column":4},"end":{"line":40,"column":78}},"28":{"start":{"line":45,"column":0},"end":{"line":53,"column":3}},"29":{"start":{"line":46,"column":2},"end":{"line":52,"column":3}},"30":{"start":{"line":47,"column":18},"end":{"line":47,"column":35}},"31":{"start":{"line":48,"column":4},"end":{"line":48,"column":39}},"32":{"start":{"line":51,"column":4},"end":{"line":51,"column":78}},"33":{"start":{"line":56,"column":0},"end":{"line":74,"column":3}},"34":{"start":{"line":57,"column":2},"end":{"line":73,"column":3}},"35":{"start":{"line":58,"column":17},"end":{"line":58,"column":51}},"36":{"start":{"line":59,"column":4},"end":{"line":61,"column":5}},"37":{"start":{"line":60,"column":6},"end":{"line":60,"column":81}},"38":{"start":{"line":64,"column":4},"end":{"line":66,"column":5}},"39":{"start":{"line":65,"column":6},"end":{"line":65,"column":91}},"40":{"start":{"line":68,"column":4},"end":{"line":68,"column":48}},"41":{"start":{"line":69,"column":4},"end":{"line":69,"column":70}},"42":{"start":{"line":71,"column":4},"end":{"line":71,"column":49}},"43":{"start":{"line":72,"column":4},"end":{"line":72,"column":77}},"44":{"start":{"line":77,"column":0},"end":{"line":90,"column":3}},"45":{"start":{"line":78,"column":2},"end":{"line":89,"column":3}},"46":{"start":{"line":79,"column":17},"end":{"line":79,"column":51}},"47":{"start":{"line":80,"column":4},"end":{"line":82,"column":5}},"48":{"start":{"line":81,"column":6},"end":{"line":81,"column":81}},"49":{"start":{"line":84,"column":4},"end":{"line":84,"column":48}},"50":{"start":{"line":85,"column":4},"end":{"line":85,"column":70}},"51":{"start":{"line":87,"column":4},"end":{"line":87,"column":49}},"52":{"start":{"line":88,"column":4},"end":{"line":88,"column":77}},"53":{"start":{"line":92,"column":0},"end":{"line":92,"column":24}},"54":{"start":{"line":93,"column":0},"end":{"line":93,"column":45}},"55":{"start":{"line":94,"column":0},"end":{"line":94,"column":71}}},"fnMap":{"0":{"name":"(anonymous_0)","decl":{"start":{"line":6,"column":22},"end":{"line":6,"column":23}},"loc":{"start":{"line":6,"column":33},"end":{"line":11,"column":1}},"line":6},"1":{"name":"(anonymous_1)","decl":{"start":{"line":13,"column":16},"end":{"line":13,"column":17}},"loc":{"start":{"line":13,"column":42},"end":{"line":22,"column":1}},"line":13},"2":{"name":"(anonymous_2)","decl":{"start":{"line":24,"column":35},"end":{"line":24,"column":36}},"loc":{"start":{"line":24,"column":46},"end":{"line":31,"column":1}},"line":24},"3":{"name":"(anonymous_3)","decl":{"start":{"line":33,"column":21},"end":{"line":33,"column":22}},"loc":{"start":{"line":33,"column":41},"end":{"line":42,"column":1}},"line":33},"4":{"name":"(anonymous_4)","decl":{"start":{"line":45,"column":21},"end":{"line":45,"column":22}},"loc":{"start":{"line":45,"column":41},"end":{"line":53,"column":1}},"line":45},"5":{"name":"(anonymous_5)","decl":{"start":{"line":56,"column":37},"end":{"line":56,"column":38}},"loc":{"start":{"line":56,"column":57},"end":{"line":74,"column":1}},"line":56},"6":{"name":"(anonymous_6)","decl":{"start":{"line":77,"column":37},"end":{"line":77,"column":38}},"loc":{"start":{"line":77,"column":57},"end":{"line":90,"column":1}},"line":77}},"branchMap":{"0":{"loc":{"start":{"line":7,"column":2},"end":{"line":9,"column":3}},"type":"if","locations":[{"start":{"line":7,"column":2},"end":{"line":9,"column":3}},{"start":{},"end":{}}],"line":7},"1":{"loc":{"start":{"line":15,"column":4},"end":{"line":17,"column":5}},"type":"if","locations":[{"start":{"line":15,"column":4},"end":{"line":17,"column":5}},{"start":{},"end":{}}],"line":15},"2":{"loc":{"start":{"line":25,"column":2},"end":{"line":25,"column":75}},"type":"if","locations":[{"start":{"line":25,"column":2},"end":{"line":25,"column":75}},{"start":{},"end":{}}],"line":25},"3":{"loc":{"start":{"line":27,"column":2},"end":{"line":29,"column":3}},"type":"if","locations":[{"start":{"line":27,"column":2},"end":{"line":29,"column":3}},{"start":{},"end":{}}],"line":27},"4":{"loc":{"start":{"line":59,"column":4},"end":{"line":61,"column":5}},"type":"if","locations":[{"start":{"line":59,"column":4},"end":{"line":61,"column":5}},{"start":{},"end":{}}],"line":59},"5":{"loc":{"start":{"line":64,"column":4},"end":{"line":66,"column":5}},"type":"if","locations":[{"start":{"line":64,"column":4},"end":{"line":66,"column":5}},{"start":{},"end":{}}],"line":64},"6":{"loc":{"start":{"line":80,"column":4},"end":{"line":82,"column":5}},"type":"if","locations":[{"start":{"line":80,"column":4},"end":{"line":82,"column":5}},{"start":{},"end":{}}],"line":80}},"s":{"0":2,"1":2,"2":2,"3":2,"4":2,"5":6,"6":3,"7":3,"8":2,"9":4,"10":4,"11":1,"12":3,"13":0,"14":2,"15":10,"16":3,"17":7,"18":7,"19":4,"20":3,"21":2,"22":2,"23":2,"24":1,"25":1,"26":1,"27":1,"28":2,"29":2,"30":2,"31":1,"32":1,"33":2,"34":2,"35":2,"36":2,"37":1,"38":1,"39":0,"40":1,"41":1,"42":0,"43":0,"44":2,"45":1,"46":1,"47":1,"48":0,"49":1,"50":1,"51":0,"52":0,"53":2,"54":2,"55":2},"f":{"0":6,"1":4,"2":10,"3":2,"4":2,"5":2,"6":1},"b":{"0":[3,3],"1":[1,3],"2":[3,7],"3":[4,3],"4":[1,1],"5":[0,1],"6":[0,1]},"_coverageSchema":"1a1c01bbd47fc00a2c39e90264f33305004495a9","hash":"02297dd6509921f635dbff2237ea22a4efa58dc3"}
,"C:\\Users\\20100\\Desktop\\soft 2\\Backend\\routes\\authRoutes.js": {"path":"C:\\Users\\20100\\Desktop\\soft 2\\Backend\\routes\\authRoutes.js","statementMap":{"0":{"start":{"line":1,"column":16},"end":{"line":1,"column":34}},"1":{"start":{"line":2,"column":36},"end":{"line":2,"column":64}},"2":{"start":{"line":3,"column":15},"end":{"line":3,"column":31}},"3":{"start":{"line":4,"column":12},"end":{"line":4,"column":35}},"4":{"start":{"line":5,"column":13},"end":{"line":5,"column":38}},"5":{"start":{"line":7,"column":25},"end":{"line":17,"column":1}},"6":{"start":{"line":19,"column":22},"end":{"line":25,"column":1}},"7":{"start":{"line":28,"column":0},"end":{"line":113,"column":3}},"8":{"start":{"line":29,"column":17},"end":{"line":29,"column":38}},"9":{"start":{"line":30,"column":2},"end":{"line":32,"column":3}},"10":{"start":{"line":31,"column":4},"end":{"line":31,"column":76}},"11":{"start":{"line":34,"column":2},"end":{"line":112,"column":3}},"12":{"start":{"line":36,"column":21},"end":{"line":36,"column":45}},"13":{"start":{"line":37,"column":16},"end":{"line":37,"column":51}},"14":{"start":{"line":38,"column":21},"end":{"line":38,"column":38}},"15":{"start":{"line":40,"column":4},"end":{"line":40,"column":95}},"16":{"start":{"line":43,"column":25},"end":{"line":48,"column":6}},"17":{"start":{"line":50,"column":4},"end":{"line":57,"column":5}},"18":{"start":{"line":51,"column":6},"end":{"line":56,"column":9}},"19":{"start":{"line":60,"column":17},"end":{"line":64,"column":6}},"20":{"start":{"line":66,"column":4},"end":{"line":71,"column":7}},"21":{"start":{"line":74,"column":18},"end":{"line":82,"column":5}},"22":{"start":{"line":85,"column":25},"end":{"line":89,"column":5}},"23":{"start":{"line":92,"column":4},"end":{"line":92,"column":37}},"24":{"start":{"line":93,"column":4},"end":{"line":93,"column":22}},"25":{"start":{"line":95,"column":4},"end":{"line":104,"column":7}},"26":{"start":{"line":107,"column":4},"end":{"line":107,"column":51}},"27":{"start":{"line":108,"column":4},"end":{"line":111,"column":7}},"28":{"start":{"line":116,"column":0},"end":{"line":177,"column":3}},"29":{"start":{"line":117,"column":2},"end":{"line":176,"column":3}},"30":{"start":{"line":118,"column":32},"end":{"line":118,"column":40}},"31":{"start":{"line":121,"column":17},"end":{"line":121,"column":66}},"32":{"start":{"line":123,"column":4},"end":{"line":126,"column":5}},"33":{"start":{"line":124,"column":6},"end":{"line":124,"column":48}},"34":{"start":{"line":125,"column":6},"end":{"line":125,"column":86}},"35":{"start":{"line":129,"column":4},"end":{"line":129,"column":50}},"36":{"start":{"line":130,"column":20},"end":{"line":130,"column":56}},"37":{"start":{"line":131,"column":4},"end":{"line":135,"column":7}},"38":{"start":{"line":137,"column":4},"end":{"line":140,"column":5}},"39":{"start":{"line":138,"column":6},"end":{"line":138,"column":45}},"40":{"start":{"line":139,"column":6},"end":{"line":139,"column":86}},"41":{"start":{"line":143,"column":24},"end":{"line":151,"column":5}},"42":{"start":{"line":153,"column":25},"end":{"line":157,"column":5}},"43":{"start":{"line":160,"column":4},"end":{"line":160,"column":37}},"44":{"start":{"line":161,"column":4},"end":{"line":161,"column":22}},"45":{"start":{"line":164,"column":4},"end":{"line":164,"column":30}},"46":{"start":{"line":165,"column":4},"end":{"line":165,"column":34}},"47":{"start":{"line":167,"column":4},"end":{"line":172,"column":7}},"48":{"start":{"line":174,"column":4},"end":{"line":174,"column":41}},"49":{"start":{"line":175,"column":4},"end":{"line":175,"column":70}},"50":{"start":{"line":179,"column":0},"end":{"line":179,"column":24}}},"fnMap":{"0":{"name":"(anonymous_0)","decl":{"start":{"line":28,"column":43},"end":{"line":28,"column":44}},"loc":{"start":{"line":28,"column":63},"end":{"line":113,"column":1}},"line":28},"1":{"name":"(anonymous_1)","decl":{"start":{"line":116,"column":37},"end":{"line":116,"column":38}},"loc":{"start":{"line":116,"column":57},"end":{"line":177,"column":1}},"line":116}},"branchMap":{"0":{"loc":{"start":{"line":30,"column":2},"end":{"line":32,"column":3}},"type":"if","locations":[{"start":{"line":30,"column":2},"end":{"line":32,"column":3}},{"start":{},"end":{}}],"line":30},"1":{"loc":{"start":{"line":50,"column":4},"end":{"line":57,"column":5}},"type":"if","locations":[{"start":{"line":50,"column":4},"end":{"line":57,"column":5}},{"start":{},"end":{}}],"line":50},"2":{"loc":{"start":{"line":53,"column":15},"end":{"line":55,"column":36}},"type":"cond-expr","locations":[{"start":{"line":54,"column":12},"end":{"line":54,"column":34}},{"start":{"line":55,"column":12},"end":{"line":55,"column":36}}],"line":53},"3":{"loc":{"start":{"line":81,"column":19},"end":{"line":81,"column":49}},"type":"binary-expr","locations":[{"start":{"line":81,"column":19},"end":{"line":81,"column":41}},{"start":{"line":81,"column":45},"end":{"line":81,"column":49}}],"line":81},"4":{"loc":{"start":{"line":123,"column":4},"end":{"line":126,"column":5}},"type":"if","locations":[{"start":{"line":123,"column":4},"end":{"line":126,"column":5}},{"start":{},"end":{}}],"line":123},"5":{"loc":{"start":{"line":137,"column":4},"end":{"line":140,"column":5}},"type":"if","locations":[{"start":{"line":137,"column":4},"end":{"line":140,"column":5}},{"start":{},"end":{}}],"line":137}},"s":{"0":1,"1":1,"2":1,"3":1,"4":1,"5":1,"6":1,"7":1,"8":3,"9":3,"10":1,"11":2,"12":2,"13":2,"14":2,"15":2,"16":2,"17":2,"18":1,"19":1,"20":1,"21":1,"22":1,"23":1,"24":1,"25":1,"26":0,"27":0,"28":1,"29":3,"30":3,"31":3,"32":3,"33":1,"34":1,"35":2,"36":2,"37":2,"38":2,"39":1,"40":1,"41":1,"42":1,"43":1,"44":1,"45":1,"46":1,"47":1,"48":0,"49":0,"50":1},"f":{"0":3,"1":3},"b":{"0":[1,2],"1":[1,1],"2":[1,0],"3":[1,0],"4":[1,2],"5":[1,1]},"_coverageSchema":"1a1c01bbd47fc00a2c39e90264f33305004495a9","hash":"dfcf416e49ea768bd27eff1958308719f17a063d"}
,"C:\\Users\\20100\\Desktop\\soft 2\\Backend\\routes\\ideaRoutes.js": {"path":"C:\\Users\\20100\\Desktop\\soft 2\\Backend\\routes\\ideaRoutes.js","statementMap":{"0":{"start":{"line":1,"column":16},"end":{"line":1,"column":34}},"1":{"start":{"line":2,"column":15},"end":{"line":2,"column":31}},"2":{"start":{"line":3,"column":13},"end":{"line":3,"column":43}},"3":{"start":{"line":4,"column":13},"end":{"line":4,"column":38}},"4":{"start":{"line":5,"column":35},"end":{"line":5,"column":63}},"5":{"start":{"line":8,"column":21},"end":{"line":14,"column":1}},"6":{"start":{"line":17,"column":0},"end":{"line":50,"column":3}},"7":{"start":{"line":18,"column":2},"end":{"line":49,"column":3}},"8":{"start":{"line":19,"column":19},"end":{"line":19,"column":40}},"9":{"start":{"line":20,"column":4},"end":{"line":25,"column":5}},"10":{"start":{"line":21,"column":6},"end":{"line":24,"column":9}},"11":{"start":{"line":27,"column":4},"end":{"line":32,"column":5}},"12":{"start":{"line":28,"column":6},"end":{"line":31,"column":9}},"13":{"start":{"line":34,"column":17},"end":{"line":38,"column":6}},"14":{"start":{"line":40,"column":4},"end":{"line":43,"column":7}},"15":{"start":{"line":45,"column":4},"end":{"line":48,"column":7}},"16":{"start":{"line":53,"column":0},"end":{"line":53,"column":24}}},"fnMap":{"0":{"name":"(anonymous_0)","decl":{"start":{"line":17,"column":37},"end":{"line":17,"column":38}},"loc":{"start":{"line":17,"column":57},"end":{"line":50,"column":1}},"line":17}},"branchMap":{"0":{"loc":{"start":{"line":20,"column":4},"end":{"line":25,"column":5}},"type":"if","locations":[{"start":{"line":20,"column":4},"end":{"line":25,"column":5}},{"start":{},"end":{}}],"line":20},"1":{"loc":{"start":{"line":27,"column":4},"end":{"line":32,"column":5}},"type":"if","locations":[{"start":{"line":27,"column":4},"end":{"line":32,"column":5}},{"start":{},"end":{}}],"line":27}},"s":{"0":1,"1":1,"2":1,"3":1,"4":1,"5":1,"6":1,"7":3,"8":3,"9":3,"10":1,"11":2,"12":1,"13":1,"14":1,"15":0,"16":1},"f":{"0":3},"b":{"0":[1,2],"1":[1,1]},"_coverageSchema":"1a1c01bbd47fc00a2c39e90264f33305004495a9","hash":"5fbdc3fbec0cdcefbfe8c0d26b017bedf8eb9c65"}
}
