TN:
SF:middlewares\auth.js
FN:3,(anonymous_0)
FNF:1
FNH:1
FNDA:11,(anonymous_0)
DA:1,2
DA:3,2
DA:4,11
DA:5,11
DA:6,8
DA:9,4
DA:11,4
DA:13,7
DA:17,2
LF:9
LH:9
BRF:0
BRH:0
end_of_record
TN:
SF:models\Idea.js
FNF:0
FNH:0
DA:1,3
DA:3,3
DA:26,3
DA:27,3
DA:28,3
DA:30,3
LF:6
LH:6
BRF:0
BRH:0
end_of_record
TN:
SF:models\User.js
FN:36,(anonymous_0)
FN:46,(anonymous_1)
FNF:2
FNH:2
FNDA:12,(anonymous_0)
FNDA:2,(anonymous_1)
DA:1,4
DA:2,4
DA:4,4
DA:36,4
DA:37,12
DA:38,2
DA:40,10
DA:41,10
DA:42,10
DA:46,4
DA:47,2
DA:50,4
LF:12
LH:12
BRDA:37,0,0,2
BRDA:37,0,1,10
BRF:2
BRH:2
end_of_record
TN:
SF:routes\adminRoutes.js
FN:6,(anonymous_0)
FN:13,(anonymous_1)
FN:24,(anonymous_2)
FN:33,(anonymous_3)
FN:45,(anonymous_4)
FN:56,(anonymous_5)
FN:77,(anonymous_6)
FNF:7
FNH:7
FNDA:6,(anonymous_0)
FNDA:4,(anonymous_1)
FNDA:10,(anonymous_2)
FNDA:2,(anonymous_3)
FNDA:2,(anonymous_4)
FNDA:2,(anonymous_5)
FNDA:1,(anonymous_6)
DA:1,2
DA:2,2
DA:3,2
DA:4,2
DA:6,2
DA:7,6
DA:8,3
DA:10,3
DA:13,2
DA:14,4
DA:15,4
DA:16,1
DA:18,3
DA:20,0
DA:24,2
DA:25,10
DA:26,7
DA:27,7
DA:28,4
DA:30,3
DA:33,2
DA:34,2
DA:35,2
DA:36,1
DA:37,1
DA:39,1
DA:40,1
DA:45,2
DA:46,2
DA:47,2
DA:48,1
DA:51,1
DA:56,2
DA:57,2
DA:58,2
DA:59,2
DA:60,1
DA:64,1
DA:65,0
DA:68,1
DA:69,1
DA:71,0
DA:72,0
DA:77,2
DA:78,1
DA:79,1
DA:80,1
DA:81,0
DA:84,1
DA:85,1
DA:87,0
DA:88,0
DA:92,2
DA:93,2
DA:94,2
LF:55
LH:48
BRDA:7,0,0,3
BRDA:7,0,1,3
BRDA:15,1,0,1
BRDA:15,1,1,3
BRDA:25,2,0,3
BRDA:25,2,1,7
BRDA:27,3,0,4
BRDA:27,3,1,3
BRDA:59,4,0,1
BRDA:59,4,1,1
BRDA:64,5,0,0
BRDA:64,5,1,1
BRDA:80,6,0,0
BRDA:80,6,1,1
BRF:14
BRH:12
end_of_record
TN:
SF:routes\authRoutes.js
FN:28,(anonymous_0)
FN:116,(anonymous_1)
FNF:2
FNH:2
FNDA:3,(anonymous_0)
FNDA:3,(anonymous_1)
DA:1,1
DA:2,1
DA:3,1
DA:4,1
DA:5,1
DA:7,1
DA:19,1
DA:28,1
DA:29,3
DA:30,3
DA:31,1
DA:34,2
DA:36,2
DA:37,2
DA:38,2
DA:40,2
DA:43,2
DA:50,2
DA:51,1
DA:60,1
DA:66,1
DA:74,1
DA:85,1
DA:92,1
DA:93,1
DA:95,1
DA:107,0
DA:108,0
DA:116,1
DA:117,3
DA:118,3
DA:121,3
DA:123,3
DA:124,1
DA:125,1
DA:129,2
DA:130,2
DA:131,2
DA:137,2
DA:138,1
DA:139,1
DA:143,1
DA:153,1
DA:160,1
DA:161,1
DA:164,1
DA:165,1
DA:167,1
DA:174,0
DA:175,0
DA:179,1
LF:51
LH:47
BRDA:30,0,0,1
BRDA:30,0,1,2
BRDA:50,1,0,1
BRDA:50,1,1,1
BRDA:53,2,0,1
BRDA:53,2,1,0
BRDA:81,3,0,1
BRDA:81,3,1,0
BRDA:123,4,0,1
BRDA:123,4,1,2
BRDA:137,5,0,1
BRDA:137,5,1,1
BRF:12
BRH:10
end_of_record
TN:
SF:routes\ideaRoutes.js
FN:17,(anonymous_0)
FNF:1
FNH:1
FNDA:3,(anonymous_0)
DA:1,1
DA:2,1
DA:3,1
DA:4,1
DA:5,1
DA:8,1
DA:17,1
DA:18,3
DA:19,3
DA:20,3
DA:21,1
DA:27,2
DA:28,1
DA:34,1
DA:40,1
DA:45,0
DA:53,1
LF:17
LH:16
BRDA:20,0,0,1
BRDA:20,0,1,2
BRDA:27,1,0,1
BRDA:27,1,1,1
BRF:4
BRH:4
end_of_record
